2024/08/07 01:31:59 [error] [exception.CDbException] CDbException: CDbCommand failed to execute the SQL statement: SQLSTATE[HY000]: General error: 1364 Field 'hostedEnvelope' doesn't have a default value in /var/www/html/adhoc/framework/db/CDbCommand.php:358
Stack trace:
#0 /var/www/html/adhoc/framework/db/ar/CActiveRecord.php(1083): CDbCommand->execute()
#1 /var/www/html/adhoc/custom/protected/models/X2Model.php(1768): CActiveRecord->insert(NULL)
#2 /var/www/html/adhoc/custom/protected/models/X2Model.php(1014): X2Model->insert(NULL)
#3 /var/www/html/adhoc/protected/modules/x2sign/controllers/X2signController.php(2388): X2Model->save()
#4 [internal function]: X2signController->actionQuickSend(NULL)
#5 /var/www/html/adhoc/framework/web/actions/CAction.php(115): ReflectionMethod->invokeArgs(Object(X2signController), Array)
#6 /var/www/html/adhoc/framework/web/actions/CInlineAction.php(47): CAction->runWithParamsInternal(Object(X2signController), Object(ReflectionMethod), Array)
#7 /var/www/html/adhoc/framework/web/CController.php(308): CInlineAction->runWithParams(Array)
#8 /var/www/html/adhoc/framework/web/filters/CFilterChain.php(134): CController->runAction(Object(CInlineAction))
#9 /var/www/html/adhoc/protected/controllers/x2base.php(579): CFilterChain->run()
#10 /var/www/html/adhoc/framework/web/filters/CInlineFilter.php(58): x2base->filterSetPortlets(Object(CFilterChain))
#11 /var/www/html/adhoc/framework/web/filters/CFilterChain.php(131): CInlineFilter->filter(Object(CFilterChain))
#12 /var/www/html/adhoc/framework/web/filters/CFilter.php(40): CFilterChain->run()
#13 /var/www/html/adhoc/framework/web/filters/CFilterChain.php(131): CFilter->filter(Object(CFilterChain))
#14 /var/www/html/adhoc/framework/web/filters/CFilter.php(40): CFilterChain->run()
#15 /var/www/html/adhoc/framework/web/filters/CFilterChain.php(131): CFilter->filter(Object(CFilterChain))
#16 /var/www/html/adhoc/framework/web/CController.php(291): CFilterChain->run()
#17 /var/www/html/adhoc/framework/web/CController.php(265): CController->runActionWithFilters(Object(CInlineAction), Array)
#18 /var/www/html/adhoc/framework/web/CWebApplication.php(282): CController->run('quickSend')
#19 /var/www/html/adhoc/framework/web/CWebApplication.php(141): CWebApplication->runController('x2sign/x2sign/q...')
#20 /var/www/html/adhoc/framework/base/CApplication.php(185): CWebApplication->processRequest()
#21 /var/www/html/adhoc/index.php(65): CApplication->run()
#22 {main}
REQUEST_URI=/adhoc/index.php/x2sign/quickSend
HTTP_REFERER=http://localhost/adhoc/index.php/site/login
---
2024/08/11 23:17:33 [error] [exception.CHttpException.500] CHttpException: Media not of type PDF or convertible to a PDF: 20230322_-_LSS_-_GoldMine_Data_to_SugarCRM_(5).xlsx in /var/www/html/adhoc/protected/modules/x2sign/controllers/X2signController.php:1468
Stack trace:
#0 [internal function]: X2signController->actionGetFile(200222209, 1)
#1 /var/www/html/adhoc/framework/web/actions/CAction.php(115): ReflectionMethod->invokeArgs(Object(X2signController), Array)
#2 /var/www/html/adhoc/framework/web/actions/CInlineAction.php(47): CAction->runWithParamsInternal(Object(X2signController), Object(ReflectionMethod), Array)
#3 /var/www/html/adhoc/framework/web/CController.php(308): CInlineAction->runWithParams(Array)
#4 /var/www/html/adhoc/framework/web/filters/CFilterChain.php(134): CController->runAction(Object(CInlineAction))
#5 /var/www/html/adhoc/protected/controllers/x2base.php(579): CFilterChain->run()
#6 /var/www/html/adhoc/framework/web/filters/CInlineFilter.php(58): x2base->filterSetPortlets(Object(CFilterChain))
#7 /var/www/html/adhoc/framework/web/filters/CFilterChain.php(131): CInlineFilter->filter(Object(CFilterChain))
#8 /var/www/html/adhoc/framework/web/filters/CFilter.php(40): CFilterChain->run()
#9 /var/www/html/adhoc/framework/web/filters/CFilterChain.php(131): CFilter->filter(Object(CFilterChain))
#10 /var/www/html/adhoc/framework/web/filters/CFilter.php(40): CFilterChain->run()
#11 /var/www/html/adhoc/framework/web/filters/CFilterChain.php(131): CFilter->filter(Object(CFilterChain))
#12 /var/www/html/adhoc/framework/web/CController.php(291): CFilterChain->run()
#13 /var/www/html/adhoc/framework/web/CController.php(265): CController->runActionWithFilters(Object(CInlineAction), Array)
#14 /var/www/html/adhoc/framework/web/CWebApplication.php(282): CController->run('getFile')
#15 /var/www/html/adhoc/framework/web/CWebApplication.php(141): CWebApplication->runController('x2sign/x2sign/g...')
#16 /var/www/html/adhoc/framework/base/CApplication.php(185): CWebApplication->processRequest()
#17 /var/www/html/adhoc/index.php(65): CApplication->run()
#18 {main}
REQUEST_URI=/adhoc/index.php/x2sign/x2sign/getFile/id/200222209
HTTP_REFERER=http://localhost/adhoc/index.php/x2sign/quickSend
---
